<?xml version="1.0" encoding="UTF-8"?>
<!-- Generated by org.testng.reporters.JUnitReportReporter -->
<testsuite hostname="Piotrek-HP" name="tests.TestScrollable" tests="6" failures="0" timestamp="7 Jan 2017 09:22:42 GMT" time="79.992" errors="0">
  <testcase name="TestScrollableDownAndUp" time="19.682" classname="tests.TestScrollable"/>
  <testcase name="TestScrollableDownAndUp" time="14.884" classname="tests.TestScrollable"/>
  <testcase name="TestScrollableDown" time="20.689" classname="tests.TestScrollable"/>
  <testcase name="TestScrollableDown" time="9.779" classname="tests.TestScrollable"/>
  <testcase name="TestScrollableDownAndUp" time="4.827" classname="tests.TestScrollable"/>
  <testcase name="TestScrollableDown" time="10.131" classname="tests.TestScrollable"/>
</testsuite> <!-- tests.TestScrollable -->
