<?xml version="1.0" encoding="UTF-8"?>
<!-- Generated by org.testng.reporters.JUnitReportReporter -->
<testsuite hostname="Piotrek-HP" name="tests.TestMultiForm" tests="18" failures="0" timestamp="27 Dec 2016 07:52:19 GMT" time="305.274" errors="0">
  <testcase name="testMultiForm" time="14.322" classname="tests.TestMultiForm"/>
  <testcase name="testMultiForm" time="13.118" classname="tests.TestMultiForm"/>
  <testcase name="testMultiForm" time="15.118" classname="tests.TestMultiForm"/>
  <testcase name="testMultiForm" time="44.062" classname="tests.TestMultiForm"/>
  <testcase name="testMultiForm" time="26.495" classname="tests.TestMultiForm"/>
  <testcase name="testMultiForm" time="15.711" classname="tests.TestMultiForm"/>
  <testcase name="testMultiForm" time="15.664" classname="tests.TestMultiForm"/>
  <testcase name="testMultiForm" time="10.789" classname="tests.TestMultiForm"/>
  <testcase name="testMultiForm" time="14.533" classname="tests.TestMultiForm"/>
  <testcase name="testMultiForm" time="17.473" classname="tests.TestMultiForm"/>
  <testcase name="testMultiForm" time="19.799" classname="tests.TestMultiForm"/>
  <testcase name="testMultiForm" time="13.245" classname="tests.TestMultiForm"/>
  <testcase name="testMultiForm" time="12.076" classname="tests.TestMultiForm"/>
  <testcase name="testMultiForm" time="10.958" classname="tests.TestMultiForm"/>
  <testcase name="testMultiForm" time="24.097" classname="tests.TestMultiForm"/>
  <testcase name="testMultiForm" time="11.967" classname="tests.TestMultiForm"/>
  <testcase name="testMultiForm" time="13.865" classname="tests.TestMultiForm"/>
  <testcase name="testMultiForm" time="11.982" classname="tests.TestMultiForm"/>
</testsuite> <!-- tests.TestMultiForm -->
