<?xml version="1.0" encoding="UTF-8"?>
<!-- Generated by org.testng.reporters.JUnitReportReporter -->
<testsuite hostname="Piotrek-HP" name="tests.TestMultiForm" tests="18" failures="0" timestamp="27 Dec 2016 18:52:12 GMT" time="218.563" errors="0">
  <testcase name="testMultiForm" time="13.623" classname="tests.TestMultiForm"/>
  <testcase name="testMultiForm" time="12.433" classname="tests.TestMultiForm"/>
  <testcase name="testMultiForm" time="12.464" classname="tests.TestMultiForm"/>
  <testcase name="testMultiForm" time="9.137" classname="tests.TestMultiForm"/>
  <testcase name="testMultiForm" time="10.157" classname="tests.TestMultiForm"/>
  <testcase name="testMultiForm" time="12.774" classname="tests.TestMultiForm"/>
  <testcase name="testMultiForm" time="12.363" classname="tests.TestMultiForm"/>
  <testcase name="testMultiForm" time="12.881" classname="tests.TestMultiForm"/>
  <testcase name="testMultiForm" time="12.682" classname="tests.TestMultiForm"/>
  <testcase name="testMultiForm" time="14.014" classname="tests.TestMultiForm"/>
  <testcase name="testMultiForm" time="10.530" classname="tests.TestMultiForm"/>
  <testcase name="testMultiForm" time="13.131" classname="tests.TestMultiForm"/>
  <testcase name="testMultiForm" time="14.385" classname="tests.TestMultiForm"/>
  <testcase name="testMultiForm" time="13.872" classname="tests.TestMultiForm"/>
  <testcase name="testMultiForm" time="13.168" classname="tests.TestMultiForm"/>
  <testcase name="testMultiForm" time="9.419" classname="tests.TestMultiForm"/>
  <testcase name="testMultiForm" time="10.117" classname="tests.TestMultiForm"/>
  <testcase name="testMultiForm" time="11.413" classname="tests.TestMultiForm"/>
</testsuite> <!-- tests.TestMultiForm -->
